10
103
10
219
160
88
207
74
279
125
21
203
84
40
103
43
166
122
68
31
5
187
97
27
65
26
38
54
275
16
100
51
117
59
202
30
62
52
41
96
8
194
69
129
40
150
266
26
45
268
161
116
12
3
42
131
32
102
11
167
100
55
138
235
48
46
114
15
186
33
23
79
185
159
119
95
84
97
131
178
161
232
91
7
262
21
246
299
175
34
176
75
33
90
123
27
254
73
96
33
110
83
22
211
13
180
14
139
114
72
9
81
245
24
104
168
3
295
60
61
195
89
35
144
287
109
16
113
41
199
8
227
99
92
50
262
84
122
167
185
170
134
120
68
191
92
72
128
28
87
117
142
115
89
60
108
91
158
2
201
168
102
99
114
78
174
60
118
44
112
33
116
155
166
143
232
102
107
71
65
70
253
113
49
183
137
20
58
165
157
14
237
114
160
92
98
92
175
100
108
105
95
189
164
19
217
129
174
73
118
194
128
53
264
1
172
32
130
142
159
276
131
290
16
271
41
216
78
220
5
251
215
166
160
142
274
123
270
174
165
230
101
290
230
158
6
136
30
226
218
29
200
103
124
272
49
199
91
193
98
283
24
140
23
86
272
99
127
128
99
158
103
224
127
295
129
207
275
40
250
31
202
68
275
72
136
94
239
117
187
147
149
163
102
133
256
105
202
121
75
254
166
193
100
145
259
58
190
185
277
143
271
96
176
296
100
259
97
231
46
234
71
156
35
278
89
250
77
172
119
227
129
271
243
294
128
256
231
136
164
239
167
223
65
282
186
158
230
166
266
62
241
280
175
102
220
163
216
300
277
266
82
225
173
125
181
99
249
186
199
286
182
232
200
115
208
6
288
294
193
223
108
181
268
177
266
224
149
227
169
228
72
236
44
218
69
213
194
233
272
219
170
287
268
256
282
287
186
224
284
114
175
189
215
179
227
200
296
167
279
163
237
168
198
20
257
117
262
220
226
254
201
217
136
198
108
250
80
140
275
118
284
158
264
245
257
219
291
172
275
139
242
72
255
230
186
270
230
235
77
208
175
250
294
290
299
298
142
276
266
279
194
249
225
269
187
298
180
283
107
252
107
278
264
280
271
260
198
202
222
160
218
279
284
202
205
156
273
269
138
10
